<?xml version="1.0" encoding="UTF-8"?>
<!-- Generated by org.testng.reporters.JUnitReportReporter -->
<testsuite hostname="DESKTOP-TCRVAUQ" failures="0" tests="1" name="tests.Dashboard" time="12.297" errors="0" timestamp="2022-03-28T18:06:10 EDT" skipped="0">
  <testcase classname="tests.Dashboard" name="Dashboard_TC001" time="12.297"/>
  <system-out/>
</testsuite> <!-- tests.Dashboard -->
