<?xml version="1.0" encoding="UTF-8"?>
<!-- Generated by org.testng.reporters.JUnitReportReporter -->
<testsuite hostname="LAPTOP-38EPL50P" failures="0" tests="1" name="tests.Dashboard" time="31.445" errors="0" timestamp="2024-03-27T21:09:58 EDT" skipped="0">
  <testcase classname="tests.Dashboard" name="Dashboard_TC001" time="31.445"/>
  <system-out/>
</testsuite> <!-- tests.Dashboard -->
