<?xml version="1.0" encoding="UTF-8"?>
<!-- Generated by org.testng.reporters.JUnitReportReporter -->
<testsuite hostname="DESKTOP-TCRVAUQ" failures="0" tests="1" name="tests.Dashboard" time="95.834" errors="0" timestamp="2022-03-30T18:32:21 EDT" skipped="0">
  <testcase classname="tests.Dashboard" name="Dashboard_TC001" time="95.834"/>
  <system-out/>
</testsuite> <!-- tests.Dashboard -->
